-Xajruntimetarget:1.5
-Xlint:ignore
-1.8
-encoding
UTF-8
-showWeaveInfo
-source
8
-target
8
-verbose
-classpath
E:\Download\java\apache-maven-3.9.1\mvn_resp\org\springframework\boot\spring-boot-starter\2.5.5\spring-boot-starter-2.5.5.jar;E:\Download\java\apache-maven-3.9.1\mvn_resp\org\springframework\boot\spring-boot\2.5.5\spring-boot-2.5.5.jar;E:\Download\java\apache-maven-3.9.1\mvn_resp\org\springframework\spring-context\5.3.10\spring-context-5.3.10.jar;E:\Download\java\apache-maven-3.9.1\mvn_resp\org\springframework\boot\spring-boot-autoconfigure\2.5.5\spring-boot-autoconfigure-2.5.5.jar;E:\Download\java\apache-maven-3.9.1\mvn_resp\org\springframework\boot\spring-boot-starter-logging\2.5.5\spring-boot-starter-logging-2.5.5.jar;E:\Download\java\apache-maven-3.9.1\mvn_resp\ch\qos\logback\logback-classic\1.2.6\logback-classic-1.2.6.jar;E:\Download\java\apache-maven-3.9.1\mvn_resp\ch\qos\logback\logback-core\1.2.6\logback-core-1.2.6.jar;E:\Download\java\apache-maven-3.9.1\mvn_resp\org\apache\logging\log4j\log4j-to-slf4j\2.14.1\log4j-to-slf4j-2.14.1.jar;E:\Download\java\apache-maven-3.9.1\mvn_resp\org\apache\logging\log4j\log4j-api\2.14.1\log4j-api-2.14.1.jar;E:\Download\java\apache-maven-3.9.1\mvn_resp\org\slf4j\jul-to-slf4j\1.7.32\jul-to-slf4j-1.7.32.jar;E:\Download\java\apache-maven-3.9.1\mvn_resp\jakarta\annotation\jakarta.annotation-api\1.3.5\jakarta.annotation-api-1.3.5.jar;E:\Download\java\apache-maven-3.9.1\mvn_resp\org\springframework\spring-core\5.3.10\spring-core-5.3.10.jar;E:\Download\java\apache-maven-3.9.1\mvn_resp\org\springframework\spring-jcl\5.3.10\spring-jcl-5.3.10.jar;E:\Download\java\apache-maven-3.9.1\mvn_resp\org\yaml\snakeyaml\1.28\snakeyaml-1.28.jar;E:\Download\java\apache-maven-3.9.1\mvn_resp\org\springframework\boot\spring-boot-starter-web\2.5.5\spring-boot-starter-web-2.5.5.jar;E:\Download\java\apache-maven-3.9.1\mvn_resp\org\springframework\boot\spring-boot-starter-json\2.5.5\spring-boot-starter-json-2.5.5.jar;E:\Download\java\apache-maven-3.9.1\mvn_resp\com\fasterxml\jackson\core\jackson-databind\2.12.5\jackson-databind-2.12.5.jar;E:\Download\java\apache-maven-3.9.1\mvn_resp\com\fasterxml\jackson\core\jackson-annotations\2.12.5\jackson-annotations-2.12.5.jar;E:\Download\java\apache-maven-3.9.1\mvn_resp\com\fasterxml\jackson\core\jackson-core\2.12.5\jackson-core-2.12.5.jar;E:\Download\java\apache-maven-3.9.1\mvn_resp\com\fasterxml\jackson\datatype\jackson-datatype-jdk8\2.12.5\jackson-datatype-jdk8-2.12.5.jar;E:\Download\java\apache-maven-3.9.1\mvn_resp\com\fasterxml\jackson\datatype\jackson-datatype-jsr310\2.12.5\jackson-datatype-jsr310-2.12.5.jar;E:\Download\java\apache-maven-3.9.1\mvn_resp\com\fasterxml\jackson\module\jackson-module-parameter-names\2.12.5\jackson-module-parameter-names-2.12.5.jar;E:\Download\java\apache-maven-3.9.1\mvn_resp\org\springframework\boot\spring-boot-starter-tomcat\2.5.5\spring-boot-starter-tomcat-2.5.5.jar;E:\Download\java\apache-maven-3.9.1\mvn_resp\org\apache\tomcat\embed\tomcat-embed-core\9.0.53\tomcat-embed-core-9.0.53.jar;E:\Download\java\apache-maven-3.9.1\mvn_resp\org\apache\tomcat\embed\tomcat-embed-el\9.0.53\tomcat-embed-el-9.0.53.jar;E:\Download\java\apache-maven-3.9.1\mvn_resp\org\apache\tomcat\embed\tomcat-embed-websocket\9.0.53\tomcat-embed-websocket-9.0.53.jar;E:\Download\java\apache-maven-3.9.1\mvn_resp\org\springframework\spring-web\5.3.10\spring-web-5.3.10.jar;E:\Download\java\apache-maven-3.9.1\mvn_resp\org\springframework\spring-beans\5.3.10\spring-beans-5.3.10.jar;E:\Download\java\apache-maven-3.9.1\mvn_resp\org\springframework\spring-webmvc\5.3.10\spring-webmvc-5.3.10.jar;E:\Download\java\apache-maven-3.9.1\mvn_resp\org\springframework\spring-aop\5.3.10\spring-aop-5.3.10.jar;E:\Download\java\apache-maven-3.9.1\mvn_resp\org\springframework\spring-expression\5.3.10\spring-expression-5.3.10.jar;E:\Download\java\apache-maven-3.9.1\mvn_resp\org\slf4j\slf4j-api\1.7.32\slf4j-api-1.7.32.jar;E:\Download\java\apache-maven-3.9.1\mvn_resp\org\aspectj\aspectjweaver\1.9.7\aspectjweaver-1.9.7.jar;E:\Download\java\apache-maven-3.9.1\mvn_resp\org\aspectj\aspectjrt\1.9.7\aspectjrt-1.9.7.jar;E:\Project\Java\Spring_CodeAnalysis\code\A09\target\classes
-d
E:\Project\Java\Spring_CodeAnalysis\code\A09\target\classes
-s
E:\Project\Java\Spring_CodeAnalysis\code\A09\target\generated-sources\aspectj-maven-plugin
E:\Project\Java\Spring_CodeAnalysis\code\A09\src\main\java\com\itheima\A09.java
E:\Project\Java\Spring_CodeAnalysis\code\A09\src\main\java\com\itheima\aop\MyAspect.java
E:\Project\Java\Spring_CodeAnalysis\code\A09\src\main\java\com\itheima\service\MyService.java
